<?xml version="1.0" encoding="UTF-8"?>
<!-- Generated by org.testng.reporters.JUnitReportReporter -->
<testsuite hostname="DESKTOP-SVTJ0NJ" failures="0" tests="1" name="org.PageClass.LoginPageClass" time="9.241" errors="0" timestamp="2024-03-25T17:37:10 IST" skipped="0">
  <testcase classname="org.PageClass.LoginPageClass" name="StartApp" time="9.241"/>
  <system-out/>
</testsuite> <!-- org.PageClass.LoginPageClass -->
